#! /usr/bin/vvp
:ivl_version "10.1 (stable)";
:ivl_delay_selection "TYPICAL";
:vpi_time_precision + 0;
:vpi_module "system";
:vpi_module "vhdl_sys";
:vpi_module "v2005_math";
:vpi_module "va_math";
S_0x560dc09fb6b0 .scope module, "aluControlUnit" "aluControlUnit" 2 1;
 .timescale 0 0;
    .port_info 0 /INPUT 2 "aluOp"
    .port_info 1 /INPUT 6 "f6"
    .port_info 2 /OUTPUT 4 "out4"
o0x7f688eb45018 .functor BUFZ 2, C4<zz>; HiZ drive
v0x560dc0a247e0_0 .net "aluOp", 1 0, o0x7f688eb45018;  0 drivers
o0x7f688eb45048 .functor BUFZ 6, C4<zzzzzz>; HiZ drive
v0x560dc0a43fa0_0 .net "f6", 5 0, o0x7f688eb45048;  0 drivers
v0x560dc0a44080_0 .var "out4", 3 0;
E_0x560dc0a0ad30 .event edge, v0x560dc0a247e0_0, v0x560dc0a43fa0_0;
S_0x560dc09fb220 .scope module, "aluMain" "aluMain" 3 1;
 .timescale 0 0;
    .port_info 0 /INPUT 4 "controlLines"
    .port_info 1 /INPUT 32 "a"
    .port_info 2 /INPUT 32 "b"
    .port_info 3 /OUTPUT 32 "out"
o0x7f688eb45138 .functor BUFZ 32, C4<zzzzzzzzzzzzzzzzzzzzzzzzzzzzzzzz>; HiZ drive
v0x560dc0a441e0_0 .net "a", 31 0, o0x7f688eb45138;  0 drivers
o0x7f688eb45168 .functor BUFZ 32, C4<zzzzzzzzzzzzzzzzzzzzzzzzzzzzzzzz>; HiZ drive
v0x560dc0a442e0_0 .net "b", 31 0, o0x7f688eb45168;  0 drivers
o0x7f688eb45198 .functor BUFZ 4, C4<zzzz>; HiZ drive
v0x560dc0a443c0_0 .net "controlLines", 3 0, o0x7f688eb45198;  0 drivers
v0x560dc0a444b0_0 .var "out", 31 0;
E_0x560dc0a0ab00 .event edge, v0x560dc0a443c0_0, v0x560dc0a441e0_0, v0x560dc0a442e0_0;
S_0x560dc0a24270 .scope module, "controlUnit" "controlUnit" 4 1;
 .timescale 0 0;
    .port_info 0 /INPUT 6 "opcode"
    .port_info 1 /OUTPUT 2 "ALUout"
    .port_info 2 /OUTPUT 1 "MemR"
    .port_info 3 /OUTPUT 1 "MemW"
    .port_info 4 /OUTPUT 1 "RegW"
    .port_info 5 /OUTPUT 1 "MemToReg"
v0x560dc0a44680_0 .var "ALUout", 1 0;
v0x560dc0a44780_0 .var "MemR", 0 0;
v0x560dc0a44840_0 .var "MemToReg", 0 0;
v0x560dc0a448e0_0 .var "MemW", 0 0;
v0x560dc0a449a0_0 .var "RegW", 0 0;
o0x7f688eb453a8 .functor BUFZ 6, C4<zzzzzz>; HiZ drive
v0x560dc0a44ab0_0 .net "opcode", 5 0, o0x7f688eb453a8;  0 drivers
E_0x560dc0a238a0 .event edge, v0x560dc0a44ab0_0;
S_0x560dc0a24490 .scope module, "decoder" "decoder" 5 1;
 .timescale 0 0;
    .port_info 0 /INPUT 5 "address1"
    .port_info 1 /INPUT 5 "address2"
    .port_info 2 /INPUT 5 "dest"
    .port_info 3 /INPUT 1 "regwrite"
    .port_info 4 /INPUT 32 "write_data"
    .port_info 5 /OUTPUT 32 "out1"
    .port_info 6 /OUTPUT 32 "out2"
RS_0x7f688eb45528 .resolv tri, v0x560dc0a45070_0, v0x560dc0a457e0_0;
L_0x560dc0a46950 .functor BUFZ 32, RS_0x7f688eb45528, C4<00000000000000000000000000000000>, C4<00000000000000000000000000000000>, C4<00000000000000000000000000000000>;
L_0x560dc0a469c0 .functor BUFZ 32, RS_0x7f688eb45528, C4<00000000000000000000000000000000>, C4<00000000000000000000000000000000>, C4<00000000000000000000000000000000>;
o0x7f688eb45558 .functor BUFZ 5, C4<zzzzz>; HiZ drive
v0x560dc0a45b00_0 .net "address1", 4 0, o0x7f688eb45558;  0 drivers
o0x7f688eb45678 .functor BUFZ 5, C4<zzzzz>; HiZ drive
v0x560dc0a45be0_0 .net "address2", 4 0, o0x7f688eb45678;  0 drivers
v0x560dc0a45cb0_0 .net8 "dataOut", 31 0, RS_0x7f688eb45528;  2 drivers
o0x7f688eb45768 .functor BUFZ 5, C4<zzzzz>; HiZ drive
v0x560dc0a45dd0_0 .net "dest", 4 0, o0x7f688eb45768;  0 drivers
v0x560dc0a45e90_0 .net "out1", 31 0, L_0x560dc0a46950;  1 drivers
v0x560dc0a45fc0_0 .net "out2", 31 0, L_0x560dc0a469c0;  1 drivers
o0x7f688eb45588 .functor BUFZ 1, C4<z>; HiZ drive
v0x560dc0a460a0_0 .net "regwrite", 0 0, o0x7f688eb45588;  0 drivers
o0x7f688eb454f8 .functor BUFZ 32, C4<zzzzzzzzzzzzzzzzzzzzzzzzzzzzzzzz>; HiZ drive
v0x560dc0a46190_0 .net "write_data", 31 0, o0x7f688eb454f8;  0 drivers
S_0x560dc0a44c50 .scope module, "uut1" "Registers" 5 9, 6 1 0, S_0x560dc0a24490;
 .timescale 0 0;
    .port_info 0 /INPUT 1 "regWrite"
    .port_info 1 /INPUT 5 "regAddress"
    .port_info 2 /INPUT 32 "dataIn"
    .port_info 3 /OUTPUT 32 "dataOut"
v0x560dc0a44eb0 .array "R", 0 15, 31 0;
v0x560dc0a44f90_0 .net "dataIn", 31 0, o0x7f688eb454f8;  alias, 0 drivers
v0x560dc0a45070_0 .var "dataOut", 31 0;
v0x560dc0a45160_0 .net "regAddress", 4 0, o0x7f688eb45558;  alias, 0 drivers
v0x560dc0a45240_0 .net "regWrite", 0 0, o0x7f688eb45588;  alias, 0 drivers
S_0x560dc0a453d0 .scope module, "uut2" "Registers" 5 12, 6 1 0, S_0x560dc0a24490;
 .timescale 0 0;
    .port_info 0 /INPUT 1 "regWrite"
    .port_info 1 /INPUT 5 "regAddress"
    .port_info 2 /INPUT 32 "dataIn"
    .port_info 3 /OUTPUT 32 "dataOut"
v0x560dc0a45630 .array "R", 0 15, 31 0;
v0x560dc0a456f0_0 .net "dataIn", 31 0, o0x7f688eb454f8;  alias, 0 drivers
v0x560dc0a457e0_0 .var "dataOut", 31 0;
v0x560dc0a458e0_0 .net "regAddress", 4 0, o0x7f688eb45678;  alias, 0 drivers
v0x560dc0a45980_0 .net "regWrite", 0 0, o0x7f688eb45588;  alias, 0 drivers
S_0x560dc0a24610 .scope module, "main" "main" 7 1;
 .timescale 0 0;
    .port_info 0 /INPUT 32 "pc"
v0x560dc0a467d0_0 .net "instruction", 31 0, v0x560dc0a46690_0;  1 drivers
o0x7f688eb45948 .functor BUFZ 32, C4<zzzzzzzzzzzzzzzzzzzzzzzzzzzzzzzz>; HiZ drive
v0x560dc0a46890_0 .net "pc", 31 0, o0x7f688eb45948;  0 drivers
S_0x560dc0a46380 .scope module, "uut1" "instruction_memory" 7 4, 8 1 0, S_0x560dc0a24610;
 .timescale 0 0;
    .port_info 0 /INPUT 32 "address"
    .port_info 1 /OUTPUT 32 "data_out"
v0x560dc0a46590_0 .net "address", 31 0, o0x7f688eb45948;  alias, 0 drivers
v0x560dc0a46690_0 .var "data_out", 31 0;
    .scope S_0x560dc09fb6b0;
T_0 ;
    %wait E_0x560dc0a0ad30;
    %load/vec4 v0x560dc0a247e0_0;
    %dup/vec4;
    %pushi/vec4 0, 0, 2;
    %cmp/u;
    %jmp/1 T_0.0, 6;
    %dup/vec4;
    %pushi/vec4 2, 0, 2;
    %cmp/u;
    %jmp/1 T_0.1, 6;
    %jmp T_0.2;
T_0.0 ;
    %pushi/vec4 2, 0, 4;
    %store/vec4 v0x560dc0a44080_0, 0, 4;
    %jmp T_0.2;
T_0.1 ;
    %load/vec4 v0x560dc0a43fa0_0;
    %dup/vec4;
    %pushi/vec4 32, 0, 6;
    %cmp/u;
    %jmp/1 T_0.3, 6;
    %dup/vec4;
    %pushi/vec4 34, 0, 6;
    %cmp/u;
    %jmp/1 T_0.4, 6;
    %dup/vec4;
    %pushi/vec4 24, 0, 6;
    %cmp/u;
    %jmp/1 T_0.5, 6;
    %jmp T_0.6;
T_0.3 ;
    %pushi/vec4 2, 0, 4;
    %store/vec4 v0x560dc0a44080_0, 0, 4;
    %jmp T_0.6;
T_0.4 ;
    %pushi/vec4 3, 0, 4;
    %store/vec4 v0x560dc0a44080_0, 0, 4;
    %jmp T_0.6;
T_0.5 ;
    %pushi/vec4 4, 0, 4;
    %store/vec4 v0x560dc0a44080_0, 0, 4;
    %jmp T_0.6;
T_0.6 ;
    %pop/vec4 1;
    %jmp T_0.2;
T_0.2 ;
    %pop/vec4 1;
    %jmp T_0;
    .thread T_0, $push;
    .scope S_0x560dc09fb220;
T_1 ;
    %wait E_0x560dc0a0ab00;
    %load/vec4 v0x560dc0a443c0_0;
    %dup/vec4;
    %pushi/vec4 2, 0, 4;
    %cmp/u;
    %jmp/1 T_1.0, 6;
    %dup/vec4;
    %pushi/vec4 3, 0, 4;
    %cmp/u;
    %jmp/1 T_1.1, 6;
    %dup/vec4;
    %pushi/vec4 4, 0, 4;
    %cmp/u;
    %jmp/1 T_1.2, 6;
    %jmp T_1.3;
T_1.0 ;
    %load/vec4 v0x560dc0a441e0_0;
    %load/vec4 v0x560dc0a442e0_0;
    %add;
    %store/vec4 v0x560dc0a444b0_0, 0, 32;
    %jmp T_1.3;
T_1.1 ;
    %load/vec4 v0x560dc0a441e0_0;
    %load/vec4 v0x560dc0a442e0_0;
    %sub;
    %store/vec4 v0x560dc0a444b0_0, 0, 32;
    %jmp T_1.3;
T_1.2 ;
    %load/vec4 v0x560dc0a441e0_0;
    %load/vec4 v0x560dc0a442e0_0;
    %mul;
    %store/vec4 v0x560dc0a444b0_0, 0, 32;
    %jmp T_1.3;
T_1.3 ;
    %pop/vec4 1;
    %jmp T_1;
    .thread T_1, $push;
    .scope S_0x560dc0a24270;
T_2 ;
    %wait E_0x560dc0a238a0;
    %load/vec4 v0x560dc0a44ab0_0;
    %dup/vec4;
    %pushi/vec4 0, 0, 6;
    %cmp/u;
    %jmp/1 T_2.0, 6;
    %dup/vec4;
    %pushi/vec4 35, 0, 6;
    %cmp/u;
    %jmp/1 T_2.1, 6;
    %dup/vec4;
    %pushi/vec4 43, 0, 6;
    %cmp/u;
    %jmp/1 T_2.2, 6;
    %jmp T_2.3;
T_2.0 ;
    %pushi/vec4 2, 0, 2;
    %store/vec4 v0x560dc0a44680_0, 0, 2;
    %pushi/vec4 1, 0, 1;
    %store/vec4 v0x560dc0a449a0_0, 0, 1;
    %pushi/vec4 0, 0, 1;
    %store/vec4 v0x560dc0a44780_0, 0, 1;
    %pushi/vec4 0, 0, 1;
    %store/vec4 v0x560dc0a448e0_0, 0, 1;
    %pushi/vec4 0, 0, 1;
    %store/vec4 v0x560dc0a44840_0, 0, 1;
    %jmp T_2.3;
T_2.1 ;
    %pushi/vec4 0, 0, 2;
    %store/vec4 v0x560dc0a44680_0, 0, 2;
    %pushi/vec4 1, 0, 1;
    %store/vec4 v0x560dc0a449a0_0, 0, 1;
    %pushi/vec4 1, 0, 1;
    %store/vec4 v0x560dc0a44780_0, 0, 1;
    %pushi/vec4 1, 0, 1;
    %store/vec4 v0x560dc0a44840_0, 0, 1;
    %pushi/vec4 0, 0, 1;
    %store/vec4 v0x560dc0a448e0_0, 0, 1;
    %jmp T_2.3;
T_2.2 ;
    %pushi/vec4 0, 0, 2;
    %store/vec4 v0x560dc0a44680_0, 0, 2;
    %pushi/vec4 0, 0, 1;
    %store/vec4 v0x560dc0a449a0_0, 0, 1;
    %pushi/vec4 0, 0, 1;
    %store/vec4 v0x560dc0a44780_0, 0, 1;
    %pushi/vec4 1, 0, 1;
    %store/vec4 v0x560dc0a44840_0, 0, 1;
    %pushi/vec4 1, 0, 1;
    %store/vec4 v0x560dc0a448e0_0, 0, 1;
    %jmp T_2.3;
T_2.3 ;
    %pop/vec4 1;
    %jmp T_2;
    .thread T_2, $push;
    .scope S_0x560dc0a44c50;
T_3 ;
    %load/vec4 v0x560dc0a45240_0;
    %dup/vec4;
    %pushi/vec4 0, 0, 1;
    %cmp/u;
    %jmp/1 T_3.0, 6;
    %dup/vec4;
    %pushi/vec4 1, 0, 1;
    %cmp/u;
    %jmp/1 T_3.1, 6;
    %jmp T_3.2;
T_3.0 ;
    %load/vec4 v0x560dc0a45160_0;
    %pad/u 33;
    %subi 8, 0, 33;
    %ix/vec4 4;
    %load/vec4a v0x560dc0a44eb0, 4;
    %store/vec4 v0x560dc0a45070_0, 0, 32;
    %jmp T_3.2;
T_3.1 ;
    %load/vec4 v0x560dc0a44f90_0;
    %dup/vec4;
    %pushi/vec4 0, 4294967295, 32;
    %cmp/u;
    %jmp/1 T_3.3, 6;
    %load/vec4 v0x560dc0a44f90_0;
    %load/vec4 v0x560dc0a45160_0;
    %pad/u 33;
    %subi 8, 0, 33;
    %ix/vec4 4;
    %store/vec4a v0x560dc0a44eb0, 4, 0;
    %jmp T_3.5;
T_3.3 ;
    %load/vec4 v0x560dc0a45160_0;
    %pad/u 33;
    %subi 8, 0, 33;
    %ix/vec4 4;
    %load/vec4a v0x560dc0a44eb0, 4;
    %load/vec4 v0x560dc0a45160_0;
    %pad/u 33;
    %subi 8, 0, 33;
    %ix/vec4 4;
    %store/vec4a v0x560dc0a44eb0, 4, 0;
    %jmp T_3.5;
T_3.5 ;
    %pop/vec4 1;
    %jmp T_3.2;
T_3.2 ;
    %pop/vec4 1;
    %end;
    .thread T_3;
    .scope S_0x560dc0a453d0;
T_4 ;
    %load/vec4 v0x560dc0a45980_0;
    %dup/vec4;
    %pushi/vec4 0, 0, 1;
    %cmp/u;
    %jmp/1 T_4.0, 6;
    %dup/vec4;
    %pushi/vec4 1, 0, 1;
    %cmp/u;
    %jmp/1 T_4.1, 6;
    %jmp T_4.2;
T_4.0 ;
    %load/vec4 v0x560dc0a458e0_0;
    %pad/u 33;
    %subi 8, 0, 33;
    %ix/vec4 4;
    %load/vec4a v0x560dc0a45630, 4;
    %store/vec4 v0x560dc0a457e0_0, 0, 32;
    %jmp T_4.2;
T_4.1 ;
    %load/vec4 v0x560dc0a456f0_0;
    %dup/vec4;
    %pushi/vec4 0, 4294967295, 32;
    %cmp/u;
    %jmp/1 T_4.3, 6;
    %load/vec4 v0x560dc0a456f0_0;
    %load/vec4 v0x560dc0a458e0_0;
    %pad/u 33;
    %subi 8, 0, 33;
    %ix/vec4 4;
    %store/vec4a v0x560dc0a45630, 4, 0;
    %jmp T_4.5;
T_4.3 ;
    %load/vec4 v0x560dc0a458e0_0;
    %pad/u 33;
    %subi 8, 0, 33;
    %ix/vec4 4;
    %load/vec4a v0x560dc0a45630, 4;
    %load/vec4 v0x560dc0a458e0_0;
    %pad/u 33;
    %subi 8, 0, 33;
    %ix/vec4 4;
    %store/vec4a v0x560dc0a45630, 4, 0;
    %jmp T_4.5;
T_4.5 ;
    %pop/vec4 1;
    %jmp T_4.2;
T_4.2 ;
    %pop/vec4 1;
    %end;
    .thread T_4;
    .scope S_0x560dc0a46380;
T_5 ;
    %load/vec4 v0x560dc0a46590_0;
    %dup/vec4;
    %pushi/vec4 0, 0, 32;
    %cmp/u;
    %jmp/1 T_5.0, 6;
    %dup/vec4;
    %pushi/vec4 4, 0, 32;
    %cmp/u;
    %jmp/1 T_5.1, 6;
    %dup/vec4;
    %pushi/vec4 8, 0, 32;
    %cmp/u;
    %jmp/1 T_5.2, 6;
    %dup/vec4;
    %pushi/vec4 12, 0, 32;
    %cmp/u;
    %jmp/1 T_5.3, 6;
    %dup/vec4;
    %pushi/vec4 16, 0, 32;
    %cmp/u;
    %jmp/1 T_5.4, 6;
    %dup/vec4;
    %pushi/vec4 20, 0, 32;
    %cmp/u;
    %jmp/1 T_5.5, 6;
    %dup/vec4;
    %pushi/vec4 24, 0, 32;
    %cmp/u;
    %jmp/1 T_5.6, 6;
    %dup/vec4;
    %pushi/vec4 28, 0, 32;
    %cmp/u;
    %jmp/1 T_5.7, 6;
    %dup/vec4;
    %pushi/vec4 32, 0, 32;
    %cmp/u;
    %jmp/1 T_5.8, 6;
    %dup/vec4;
    %pushi/vec4 36, 0, 32;
    %cmp/u;
    %jmp/1 T_5.9, 6;
    %dup/vec4;
    %pushi/vec4 40, 0, 32;
    %cmp/u;
    %jmp/1 T_5.10, 6;
    %dup/vec4;
    %pushi/vec4 44, 0, 32;
    %cmp/u;
    %jmp/1 T_5.11, 6;
    %dup/vec4;
    %pushi/vec4 48, 0, 32;
    %cmp/u;
    %jmp/1 T_5.12, 6;
    %dup/vec4;
    %pushi/vec4 52, 0, 32;
    %cmp/u;
    %jmp/1 T_5.13, 6;
    %dup/vec4;
    %pushi/vec4 56, 0, 32;
    %cmp/u;
    %jmp/1 T_5.14, 6;
    %dup/vec4;
    %pushi/vec4 60, 0, 32;
    %cmp/u;
    %jmp/1 T_5.15, 6;
    %dup/vec4;
    %pushi/vec4 64, 0, 32;
    %cmp/u;
    %jmp/1 T_5.16, 6;
    %dup/vec4;
    %pushi/vec4 68, 0, 32;
    %cmp/u;
    %jmp/1 T_5.17, 6;
    %dup/vec4;
    %pushi/vec4 72, 0, 32;
    %cmp/u;
    %jmp/1 T_5.18, 6;
    %dup/vec4;
    %pushi/vec4 76, 0, 32;
    %cmp/u;
    %jmp/1 T_5.19, 6;
    %dup/vec4;
    %pushi/vec4 80, 0, 32;
    %cmp/u;
    %jmp/1 T_5.20, 6;
    %dup/vec4;
    %pushi/vec4 84, 0, 32;
    %cmp/u;
    %jmp/1 T_5.21, 6;
    %dup/vec4;
    %pushi/vec4 88, 0, 32;
    %cmp/u;
    %jmp/1 T_5.22, 6;
    %dup/vec4;
    %pushi/vec4 92, 0, 32;
    %cmp/u;
    %jmp/1 T_5.23, 6;
    %dup/vec4;
    %pushi/vec4 96, 0, 32;
    %cmp/u;
    %jmp/1 T_5.24, 6;
    %dup/vec4;
    %pushi/vec4 100, 0, 32;
    %cmp/u;
    %jmp/1 T_5.25, 6;
    %dup/vec4;
    %pushi/vec4 104, 0, 32;
    %cmp/u;
    %jmp/1 T_5.26, 6;
    %dup/vec4;
    %pushi/vec4 108, 0, 32;
    %cmp/u;
    %jmp/1 T_5.27, 6;
    %dup/vec4;
    %pushi/vec4 112, 0, 32;
    %cmp/u;
    %jmp/1 T_5.28, 6;
    %dup/vec4;
    %pushi/vec4 116, 0, 32;
    %cmp/u;
    %jmp/1 T_5.29, 6;
    %dup/vec4;
    %pushi/vec4 120, 0, 32;
    %cmp/u;
    %jmp/1 T_5.30, 6;
    %dup/vec4;
    %pushi/vec4 124, 0, 32;
    %cmp/u;
    %jmp/1 T_5.31, 6;
    %dup/vec4;
    %pushi/vec4 128, 0, 32;
    %cmp/u;
    %jmp/1 T_5.32, 6;
    %dup/vec4;
    %pushi/vec4 132, 0, 32;
    %cmp/u;
    %jmp/1 T_5.33, 6;
    %dup/vec4;
    %pushi/vec4 136, 0, 32;
    %cmp/u;
    %jmp/1 T_5.34, 6;
    %dup/vec4;
    %pushi/vec4 140, 0, 32;
    %cmp/u;
    %jmp/1 T_5.35, 6;
    %dup/vec4;
    %pushi/vec4 144, 0, 32;
    %cmp/u;
    %jmp/1 T_5.36, 6;
    %dup/vec4;
    %pushi/vec4 148, 0, 32;
    %cmp/u;
    %jmp/1 T_5.37, 6;
    %dup/vec4;
    %pushi/vec4 152, 0, 32;
    %cmp/u;
    %jmp/1 T_5.38, 6;
    %dup/vec4;
    %pushi/vec4 156, 0, 32;
    %cmp/u;
    %jmp/1 T_5.39, 6;
    %dup/vec4;
    %pushi/vec4 160, 0, 32;
    %cmp/u;
    %jmp/1 T_5.40, 6;
    %dup/vec4;
    %pushi/vec4 164, 0, 32;
    %cmp/u;
    %jmp/1 T_5.41, 6;
    %dup/vec4;
    %pushi/vec4 168, 0, 32;
    %cmp/u;
    %jmp/1 T_5.42, 6;
    %dup/vec4;
    %pushi/vec4 172, 0, 32;
    %cmp/u;
    %jmp/1 T_5.43, 6;
    %dup/vec4;
    %pushi/vec4 176, 0, 32;
    %cmp/u;
    %jmp/1 T_5.44, 6;
    %dup/vec4;
    %pushi/vec4 180, 0, 32;
    %cmp/u;
    %jmp/1 T_5.45, 6;
    %dup/vec4;
    %pushi/vec4 184, 0, 32;
    %cmp/u;
    %jmp/1 T_5.46, 6;
    %dup/vec4;
    %pushi/vec4 188, 0, 32;
    %cmp/u;
    %jmp/1 T_5.47, 6;
    %dup/vec4;
    %pushi/vec4 192, 0, 32;
    %cmp/u;
    %jmp/1 T_5.48, 6;
    %dup/vec4;
    %pushi/vec4 196, 0, 32;
    %cmp/u;
    %jmp/1 T_5.49, 6;
    %dup/vec4;
    %pushi/vec4 200, 0, 32;
    %cmp/u;
    %jmp/1 T_5.50, 6;
    %dup/vec4;
    %pushi/vec4 204, 0, 32;
    %cmp/u;
    %jmp/1 T_5.51, 6;
    %dup/vec4;
    %pushi/vec4 208, 0, 32;
    %cmp/u;
    %jmp/1 T_5.52, 6;
    %dup/vec4;
    %pushi/vec4 212, 0, 32;
    %cmp/u;
    %jmp/1 T_5.53, 6;
    %dup/vec4;
    %pushi/vec4 216, 0, 32;
    %cmp/u;
    %jmp/1 T_5.54, 6;
    %dup/vec4;
    %pushi/vec4 220, 0, 32;
    %cmp/u;
    %jmp/1 T_5.55, 6;
    %dup/vec4;
    %pushi/vec4 224, 0, 32;
    %cmp/u;
    %jmp/1 T_5.56, 6;
    %dup/vec4;
    %pushi/vec4 228, 0, 32;
    %cmp/u;
    %jmp/1 T_5.57, 6;
    %dup/vec4;
    %pushi/vec4 232, 0, 32;
    %cmp/u;
    %jmp/1 T_5.58, 6;
    %dup/vec4;
    %pushi/vec4 236, 0, 32;
    %cmp/u;
    %jmp/1 T_5.59, 6;
    %dup/vec4;
    %pushi/vec4 240, 0, 32;
    %cmp/u;
    %jmp/1 T_5.60, 6;
    %dup/vec4;
    %pushi/vec4 244, 0, 32;
    %cmp/u;
    %jmp/1 T_5.61, 6;
    %dup/vec4;
    %pushi/vec4 248, 0, 32;
    %cmp/u;
    %jmp/1 T_5.62, 6;
    %dup/vec4;
    %pushi/vec4 252, 0, 32;
    %cmp/u;
    %jmp/1 T_5.63, 6;
    %dup/vec4;
    %pushi/vec4 256, 0, 32;
    %cmp/u;
    %jmp/1 T_5.64, 6;
    %dup/vec4;
    %pushi/vec4 260, 0, 32;
    %cmp/u;
    %jmp/1 T_5.65, 6;
    %dup/vec4;
    %pushi/vec4 264, 0, 32;
    %cmp/u;
    %jmp/1 T_5.66, 6;
    %dup/vec4;
    %pushi/vec4 268, 0, 32;
    %cmp/u;
    %jmp/1 T_5.67, 6;
    %dup/vec4;
    %pushi/vec4 272, 0, 32;
    %cmp/u;
    %jmp/1 T_5.68, 6;
    %dup/vec4;
    %pushi/vec4 276, 0, 32;
    %cmp/u;
    %jmp/1 T_5.69, 6;
    %dup/vec4;
    %pushi/vec4 280, 0, 32;
    %cmp/u;
    %jmp/1 T_5.70, 6;
    %dup/vec4;
    %pushi/vec4 236, 0, 32;
    %cmp/u;
    %jmp/1 T_5.71, 6;
    %dup/vec4;
    %pushi/vec4 252, 0, 32;
    %cmp/u;
    %jmp/1 T_5.72, 6;
    %dup/vec4;
    %pushi/vec4 256, 0, 32;
    %cmp/u;
    %jmp/1 T_5.73, 6;
    %dup/vec4;
    %pushi/vec4 260, 0, 32;
    %cmp/u;
    %jmp/1 T_5.74, 6;
    %dup/vec4;
    %pushi/vec4 144, 0, 32;
    %cmp/u;
    %jmp/1 T_5.75, 6;
    %dup/vec4;
    %pushi/vec4 148, 0, 32;
    %cmp/u;
    %jmp/1 T_5.76, 6;
    %dup/vec4;
    %pushi/vec4 152, 0, 32;
    %cmp/u;
    %jmp/1 T_5.77, 6;
    %dup/vec4;
    %pushi/vec4 156, 0, 32;
    %cmp/u;
    %jmp/1 T_5.78, 6;
    %dup/vec4;
    %pushi/vec4 160, 0, 32;
    %cmp/u;
    %jmp/1 T_5.79, 6;
    %dup/vec4;
    %pushi/vec4 236, 0, 32;
    %cmp/u;
    %jmp/1 T_5.80, 6;
    %dup/vec4;
    %pushi/vec4 252, 0, 32;
    %cmp/u;
    %jmp/1 T_5.81, 6;
    %dup/vec4;
    %pushi/vec4 256, 0, 32;
    %cmp/u;
    %jmp/1 T_5.82, 6;
    %dup/vec4;
    %pushi/vec4 260, 0, 32;
    %cmp/u;
    %jmp/1 T_5.83, 6;
    %dup/vec4;
    %pushi/vec4 144, 0, 32;
    %cmp/u;
    %jmp/1 T_5.84, 6;
    %dup/vec4;
    %pushi/vec4 148, 0, 32;
    %cmp/u;
    %jmp/1 T_5.85, 6;
    %dup/vec4;
    %pushi/vec4 152, 0, 32;
    %cmp/u;
    %jmp/1 T_5.86, 6;
    %dup/vec4;
    %pushi/vec4 156, 0, 32;
    %cmp/u;
    %jmp/1 T_5.87, 6;
    %dup/vec4;
    %pushi/vec4 160, 0, 32;
    %cmp/u;
    %jmp/1 T_5.88, 6;
    %dup/vec4;
    %pushi/vec4 236, 0, 32;
    %cmp/u;
    %jmp/1 T_5.89, 6;
    %pushi/vec4 0, 0, 32;
    %store/vec4 v0x560dc0a46690_0, 0, 32;
    %jmp T_5.91;
T_5.0 ;
    %pushi/vec4 2366636544, 0, 32;
    %store/vec4 v0x560dc0a46690_0, 0, 32;
    %jmp T_5.91;
T_5.1 ;
    %pushi/vec4 2368733952, 0, 32;
    %store/vec4 v0x560dc0a46690_0, 0, 32;
    %jmp T_5.91;
T_5.2 ;
    %pushi/vec4 2370830852, 0, 32;
    %store/vec4 v0x560dc0a46690_0, 0, 32;
    %jmp T_5.91;
T_5.3 ;
    %pushi/vec4 2372928260, 0, 32;
    %store/vec4 v0x560dc0a46690_0, 0, 32;
    %jmp T_5.91;
T_5.4 ;
    %pushi/vec4 2375025160, 0, 32;
    %store/vec4 v0x560dc0a46690_0, 0, 32;
    %jmp T_5.91;
T_5.5 ;
    %pushi/vec4 2377122568, 0, 32;
    %store/vec4 v0x560dc0a46690_0, 0, 32;
    %jmp T_5.91;
T_5.6 ;
    %pushi/vec4 29902872, 0, 32;
    %store/vec4 v0x560dc0a46690_0, 0, 32;
    %jmp T_5.91;
T_5.7 ;
    %pushi/vec4 32135192, 0, 32;
    %store/vec4 v0x560dc0a46690_0, 0, 32;
    %jmp T_5.91;
T_5.8 ;
    %pushi/vec4 44853272, 0, 32;
    %store/vec4 v0x560dc0a46690_0, 0, 32;
    %jmp T_5.91;
T_5.9 ;
    %pushi/vec4 30308384, 0, 32;
    %store/vec4 v0x560dc0a46690_0, 0, 32;
    %jmp T_5.91;
T_5.10 ;
    %pushi/vec4 30320672, 0, 32;
    %store/vec4 v0x560dc0a46690_0, 0, 32;
    %jmp T_5.91;
T_5.11 ;
    %pushi/vec4 2916090112, 0, 32;
    %store/vec4 v0x560dc0a46690_0, 0, 32;
    %jmp T_5.91;
T_5.12 ;
    %pushi/vec4 2368733964, 0, 32;
    %store/vec4 v0x560dc0a46690_0, 0, 32;
    %jmp T_5.91;
T_5.13 ;
    %pushi/vec4 2372928272, 0, 32;
    %store/vec4 v0x560dc0a46690_0, 0, 32;
    %jmp T_5.91;
T_5.14 ;
    %pushi/vec4 2377122580, 0, 32;
    %store/vec4 v0x560dc0a46690_0, 0, 32;
    %jmp T_5.91;
T_5.15 ;
    %pushi/vec4 29902872, 0, 32;
    %store/vec4 v0x560dc0a46690_0, 0, 32;
    %jmp T_5.91;
T_5.16 ;
    %pushi/vec4 32135192, 0, 32;
    %store/vec4 v0x560dc0a46690_0, 0, 32;
    %jmp T_5.91;
T_5.17 ;
    %pushi/vec4 44853272, 0, 32;
    %store/vec4 v0x560dc0a46690_0, 0, 32;
    %jmp T_5.91;
T_5.18 ;
    %pushi/vec4 30308384, 0, 32;
    %store/vec4 v0x560dc0a46690_0, 0, 32;
    %jmp T_5.91;
T_5.19 ;
    %pushi/vec4 30320672, 0, 32;
    %store/vec4 v0x560dc0a46690_0, 0, 32;
    %jmp T_5.91;
T_5.20 ;
    %pushi/vec4 2916090116, 0, 32;
    %store/vec4 v0x560dc0a46690_0, 0, 32;
    %jmp T_5.91;
T_5.21 ;
    %pushi/vec4 2368733976, 0, 32;
    %store/vec4 v0x560dc0a46690_0, 0, 32;
    %jmp T_5.91;
T_5.22 ;
    %pushi/vec4 2372928284, 0, 32;
    %store/vec4 v0x560dc0a46690_0, 0, 32;
    %jmp T_5.91;
T_5.23 ;
    %pushi/vec4 2377122592, 0, 32;
    %store/vec4 v0x560dc0a46690_0, 0, 32;
    %jmp T_5.91;
T_5.24 ;
    %pushi/vec4 29902872, 0, 32;
    %store/vec4 v0x560dc0a46690_0, 0, 32;
    %jmp T_5.91;
T_5.25 ;
    %pushi/vec4 32135192, 0, 32;
    %store/vec4 v0x560dc0a46690_0, 0, 32;
    %jmp T_5.91;
T_5.26 ;
    %pushi/vec4 44853272, 0, 32;
    %store/vec4 v0x560dc0a46690_0, 0, 32;
    %jmp T_5.91;
T_5.27 ;
    %pushi/vec4 30308384, 0, 32;
    %store/vec4 v0x560dc0a46690_0, 0, 32;
    %jmp T_5.91;
T_5.28 ;
    %pushi/vec4 30320672, 0, 32;
    %store/vec4 v0x560dc0a46690_0, 0, 32;
    %jmp T_5.91;
T_5.29 ;
    %pushi/vec4 2916090120, 0, 32;
    %store/vec4 v0x560dc0a46690_0, 0, 32;
    %jmp T_5.91;
T_5.30 ;
    %pushi/vec4 2366636556, 0, 32;
    %store/vec4 v0x560dc0a46690_0, 0, 32;
    %jmp T_5.91;
T_5.31 ;
    %pushi/vec4 2370830864, 0, 32;
    %store/vec4 v0x560dc0a46690_0, 0, 32;
    %jmp T_5.91;
T_5.32 ;
    %pushi/vec4 2375025172, 0, 32;
    %store/vec4 v0x560dc0a46690_0, 0, 32;
    %jmp T_5.91;
T_5.33 ;
    %pushi/vec4 2368733952, 0, 32;
    %store/vec4 v0x560dc0a46690_0, 0, 32;
    %jmp T_5.91;
T_5.34 ;
    %pushi/vec4 2372928260, 0, 32;
    %store/vec4 v0x560dc0a46690_0, 0, 32;
    %jmp T_5.91;
T_5.35 ;
    %pushi/vec4 2377122568, 0, 32;
    %store/vec4 v0x560dc0a46690_0, 0, 32;
    %jmp T_5.91;
T_5.36 ;
    %pushi/vec4 29902872, 0, 32;
    %store/vec4 v0x560dc0a46690_0, 0, 32;
    %jmp T_5.91;
T_5.37 ;
    %pushi/vec4 32135192, 0, 32;
    %store/vec4 v0x560dc0a46690_0, 0, 32;
    %jmp T_5.91;
T_5.38 ;
    %pushi/vec4 44853272, 0, 32;
    %store/vec4 v0x560dc0a46690_0, 0, 32;
    %jmp T_5.91;
T_5.39 ;
    %pushi/vec4 30308384, 0, 32;
    %store/vec4 v0x560dc0a46690_0, 0, 32;
    %jmp T_5.91;
T_5.40 ;
    %pushi/vec4 30320672, 0, 32;
    %store/vec4 v0x560dc0a46690_0, 0, 32;
    %jmp T_5.91;
T_5.41 ;
    %pushi/vec4 2916090126, 0, 32;
    %store/vec4 v0x560dc0a46690_0, 0, 32;
    %jmp T_5.91;
T_5.42 ;
    %pushi/vec4 2368733964, 0, 32;
    %store/vec4 v0x560dc0a46690_0, 0, 32;
    %jmp T_5.91;
T_5.43 ;
    %pushi/vec4 2372928272, 0, 32;
    %store/vec4 v0x560dc0a46690_0, 0, 32;
    %jmp T_5.91;
T_5.44 ;
    %pushi/vec4 2377122580, 0, 32;
    %store/vec4 v0x560dc0a46690_0, 0, 32;
    %jmp T_5.91;
T_5.45 ;
    %pushi/vec4 29902872, 0, 32;
    %store/vec4 v0x560dc0a46690_0, 0, 32;
    %jmp T_5.91;
T_5.46 ;
    %pushi/vec4 32135192, 0, 32;
    %store/vec4 v0x560dc0a46690_0, 0, 32;
    %jmp T_5.91;
T_5.47 ;
    %pushi/vec4 44853272, 0, 32;
    %store/vec4 v0x560dc0a46690_0, 0, 32;
    %jmp T_5.91;
T_5.48 ;
    %pushi/vec4 30308384, 0, 32;
    %store/vec4 v0x560dc0a46690_0, 0, 32;
    %jmp T_5.91;
T_5.49 ;
    %pushi/vec4 30320672, 0, 32;
    %store/vec4 v0x560dc0a46690_0, 0, 32;
    %jmp T_5.91;
T_5.50 ;
    %pushi/vec4 2916090130, 0, 32;
    %store/vec4 v0x560dc0a46690_0, 0, 32;
    %jmp T_5.91;
T_5.51 ;
    %pushi/vec4 2368733976, 0, 32;
    %store/vec4 v0x560dc0a46690_0, 0, 32;
    %jmp T_5.91;
T_5.52 ;
    %pushi/vec4 2372928284, 0, 32;
    %store/vec4 v0x560dc0a46690_0, 0, 32;
    %jmp T_5.91;
T_5.53 ;
    %pushi/vec4 2377122592, 0, 32;
    %store/vec4 v0x560dc0a46690_0, 0, 32;
    %jmp T_5.91;
T_5.54 ;
    %pushi/vec4 29902872, 0, 32;
    %store/vec4 v0x560dc0a46690_0, 0, 32;
    %jmp T_5.91;
T_5.55 ;
    %pushi/vec4 32135192, 0, 32;
    %store/vec4 v0x560dc0a46690_0, 0, 32;
    %jmp T_5.91;
T_5.56 ;
    %pushi/vec4 44853272, 0, 32;
    %store/vec4 v0x560dc0a46690_0, 0, 32;
    %jmp T_5.91;
T_5.57 ;
    %pushi/vec4 30308384, 0, 32;
    %store/vec4 v0x560dc0a46690_0, 0, 32;
    %jmp T_5.91;
T_5.58 ;
    %pushi/vec4 30320672, 0, 32;
    %store/vec4 v0x560dc0a46690_0, 0, 32;
    %jmp T_5.91;
T_5.59 ;
    %pushi/vec4 2916090136, 0, 32;
    %store/vec4 v0x560dc0a46690_0, 0, 32;
    %jmp T_5.91;
T_5.60 ;
    %pushi/vec4 2366636568, 0, 32;
    %store/vec4 v0x560dc0a46690_0, 0, 32;
    %jmp T_5.91;
T_5.61 ;
    %pushi/vec4 2370830876, 0, 32;
    %store/vec4 v0x560dc0a46690_0, 0, 32;
    %jmp T_5.91;
T_5.62 ;
    %pushi/vec4 2375025184, 0, 32;
    %store/vec4 v0x560dc0a46690_0, 0, 32;
    %jmp T_5.91;
T_5.63 ;
    %pushi/vec4 2368733952, 0, 32;
    %store/vec4 v0x560dc0a46690_0, 0, 32;
    %jmp T_5.91;
T_5.64 ;
    %pushi/vec4 2372928260, 0, 32;
    %store/vec4 v0x560dc0a46690_0, 0, 32;
    %jmp T_5.91;
T_5.65 ;
    %pushi/vec4 2377122568, 0, 32;
    %store/vec4 v0x560dc0a46690_0, 0, 32;
    %jmp T_5.91;
T_5.66 ;
    %pushi/vec4 29902872, 0, 32;
    %store/vec4 v0x560dc0a46690_0, 0, 32;
    %jmp T_5.91;
T_5.67 ;
    %pushi/vec4 32135192, 0, 32;
    %store/vec4 v0x560dc0a46690_0, 0, 32;
    %jmp T_5.91;
T_5.68 ;
    %pushi/vec4 44853272, 0, 32;
    %store/vec4 v0x560dc0a46690_0, 0, 32;
    %jmp T_5.91;
T_5.69 ;
    %pushi/vec4 30308384, 0, 32;
    %store/vec4 v0x560dc0a46690_0, 0, 32;
    %jmp T_5.91;
T_5.70 ;
    %pushi/vec4 30320672, 0, 32;
    %store/vec4 v0x560dc0a46690_0, 0, 32;
    %jmp T_5.91;
T_5.71 ;
    %pushi/vec4 2916090150, 0, 32;
    %store/vec4 v0x560dc0a46690_0, 0, 32;
    %jmp T_5.91;
T_5.72 ;
    %pushi/vec4 2368733964, 0, 32;
    %store/vec4 v0x560dc0a46690_0, 0, 32;
    %jmp T_5.91;
T_5.73 ;
    %pushi/vec4 2372928272, 0, 32;
    %store/vec4 v0x560dc0a46690_0, 0, 32;
    %jmp T_5.91;
T_5.74 ;
    %pushi/vec4 2377122580, 0, 32;
    %store/vec4 v0x560dc0a46690_0, 0, 32;
    %jmp T_5.91;
T_5.75 ;
    %pushi/vec4 29902872, 0, 32;
    %store/vec4 v0x560dc0a46690_0, 0, 32;
    %jmp T_5.91;
T_5.76 ;
    %pushi/vec4 32135192, 0, 32;
    %store/vec4 v0x560dc0a46690_0, 0, 32;
    %jmp T_5.91;
T_5.77 ;
    %pushi/vec4 44853272, 0, 32;
    %store/vec4 v0x560dc0a46690_0, 0, 32;
    %jmp T_5.91;
T_5.78 ;
    %pushi/vec4 30308384, 0, 32;
    %store/vec4 v0x560dc0a46690_0, 0, 32;
    %jmp T_5.91;
T_5.79 ;
    %pushi/vec4 30320672, 0, 32;
    %store/vec4 v0x560dc0a46690_0, 0, 32;
    %jmp T_5.91;
T_5.80 ;
    %pushi/vec4 2916090154, 0, 32;
    %store/vec4 v0x560dc0a46690_0, 0, 32;
    %jmp T_5.91;
T_5.81 ;
    %pushi/vec4 2368733976, 0, 32;
    %store/vec4 v0x560dc0a46690_0, 0, 32;
    %jmp T_5.91;
T_5.82 ;
    %pushi/vec4 2372928284, 0, 32;
    %store/vec4 v0x560dc0a46690_0, 0, 32;
    %jmp T_5.91;
T_5.83 ;
    %pushi/vec4 2377122592, 0, 32;
    %store/vec4 v0x560dc0a46690_0, 0, 32;
    %jmp T_5.91;
T_5.84 ;
    %pushi/vec4 29902872, 0, 32;
    %store/vec4 v0x560dc0a46690_0, 0, 32;
    %jmp T_5.91;
T_5.85 ;
    %pushi/vec4 32135192, 0, 32;
    %store/vec4 v0x560dc0a46690_0, 0, 32;
    %jmp T_5.91;
T_5.86 ;
    %pushi/vec4 44853272, 0, 32;
    %store/vec4 v0x560dc0a46690_0, 0, 32;
    %jmp T_5.91;
T_5.87 ;
    %pushi/vec4 30308384, 0, 32;
    %store/vec4 v0x560dc0a46690_0, 0, 32;
    %jmp T_5.91;
T_5.88 ;
    %pushi/vec4 30320672, 0, 32;
    %store/vec4 v0x560dc0a46690_0, 0, 32;
    %jmp T_5.91;
T_5.89 ;
    %pushi/vec4 2916090158, 0, 32;
    %store/vec4 v0x560dc0a46690_0, 0, 32;
    %jmp T_5.91;
T_5.91 ;
    %pop/vec4 1;
    %end;
    .thread T_5;
# The file index is used to find the file name in the following table.
:file_names 9;
    "N/A";
    "<interactive>";
    "ALU_Control_Unit.v";
    "ALU_Main.v";
    "Control_Unit.v";
    "Decoder.v";
    "Register.v";
    "main.v";
    "Instruction_memory.v";
